<?xml version="1.0" encoding="UTF-8"?>
<!-- Generated by org.testng.reporters.JUnitXMLReporter -->
<testsuite hostname="Menys-MacBook-Pro.local" name="Sanity Tests(failed)" tests="1" failures="1" timestamp="14 Sep 2017 11:19:53 GMT" time="124.167" errors="0">
  <testcase name="Grid_AdvancedColumns" time="113.584" classname="Native.SanityIos">
    <failure type="org.openqa.selenium.WebDriverException" message="An unknown server-side error occurred while processing the command. Original error: Could not proxy command to remote server. Original error: Error: socket hang up (WARNING: The server did not provide any stacktrace information)
Command duration or timeout: 7.95 seconds
Build info: version: &amp;apos;2.48.2&amp;apos;, revision: &amp;apos;41bccdd10cf2c0560f637404c2d96164b67d9d67&amp;apos;, time: &amp;apos;2015-10-09 13:08:06&amp;apos;
System info: host: &amp;apos;Menys-MacBook-Pro.local&amp;apos;, ip: &amp;apos;10.0.1.28&amp;apos;, os.name: &amp;apos;Mac OS X&amp;apos;, os.arch: &amp;apos;x86_64&amp;apos;, os.version: &amp;apos;10.12.6&amp;apos;, java.version: &amp;apos;1.8.0_111&amp;apos;
Driver info: io.appium.java_client.ios.IOSDriver
Capabilities [{app=/Users/menypeled/Documents/workspace/iOS_V6/Beta_010.app, networkConnectionEnabled=false, xcodeOrgId=7Y5J2RJXYV, databaseEnabled=false, deviceName=iPhone Appium v6, updatedWDABundleId=SG-Appium.WebDriverAgentTest-V6.SkyGiraffeV6, xcodeSigningId=iPhone Developer, platform=MAC, newCommandTimeout=12000, platformVersion=10.3.3, webStorageEnabled=false, locationContextEnabled=false, automationName=XCUITest, useNewWDA=true, browserName=, takesScreenshot=true, javascriptEnabled=true, udid=d55d2431cf18f9fac832b62e509431baf4c5a8bc, platformName=iOS}]
Session ID: d94c5719-7cbf-4a75-a19c-280aad310711">
      <![CDATA[org.openqa.selenium.WebDriverException: An unknown server-side error occurred while processing the command. Original error: Could not proxy command to remote server. Original error: Error: socket hang up (WARNING: The server did not provide any stacktrace information)
Command duration or timeout: 7.95 seconds
Build info: version: '2.48.2', revision: '41bccdd10cf2c0560f637404c2d96164b67d9d67', time: '2015-10-09 13:08:06'
System info: host: 'Menys-MacBook-Pro.local', ip: '10.0.1.28', os.name: 'Mac OS X', os.arch: 'x86_64', os.version: '10.12.6', java.version: '1.8.0_111'
Driver info: io.appium.java_client.ios.IOSDriver
Capabilities [{app=/Users/menypeled/Documents/workspace/iOS_V6/Beta_010.app, networkConnectionEnabled=false, xcodeOrgId=7Y5J2RJXYV, databaseEnabled=false, deviceName=iPhone Appium v6, updatedWDABundleId=SG-Appium.WebDriverAgentTest-V6.SkyGiraffeV6, xcodeSigningId=iPhone Developer, platform=MAC, newCommandTimeout=12000, platformVersion=10.3.3, webStorageEnabled=false, locationContextEnabled=false, automationName=XCUITest, useNewWDA=true, browserName=, takesScreenshot=true, javascriptEnabled=true, udid=d55d2431cf18f9fac832b62e509431baf4c5a8bc, platformName=iOS}]
Session ID: d94c5719-7cbf-4a75-a19c-280aad310711
	at org.openqa.selenium.remote.ErrorHandler.createThrowable(ErrorHandler.java:206)
	at org.openqa.selenium.remote.ErrorHandler.throwIfResponseFailed(ErrorHandler.java:158)
	at org.openqa.selenium.remote.RemoteWebDriver.execute(RemoteWebDriver.java:678)
	at io.appium.java_client.DefaultGenericMobileDriver.execute(DefaultGenericMobileDriver.java:42)
	at io.appium.java_client.AppiumDriver.execute(AppiumDriver.java:1)
	at io.appium.java_client.ios.IOSDriver.execute(IOSDriver.java:1)
	at io.appium.java_client.PerformsTouchActions.performTouchAction(PerformsTouchActions.java:39)
	at io.appium.java_client.TouchAction.perform(TouchAction.java:322)
	at io.appium.java_client.ios.IOSDriver.swipe(IOSDriver.java:164)
	at Native.IosMethods.swipeUpIphone6(IosMethods.java:1153)
	at Native.SanityIos.Grid_AdvancedColumns(SanityIos.java:418)
... Removed 28 stack frames]]>
    </failure>
  </testcase> <!-- Grid_AdvancedColumns -->
</testsuite> <!-- Sanity Tests(failed) -->
